********************************************************************************
DUPLICATOR-LITE PACKAGE-LOG: 04.01.2024 19:58
NOTICE: Do NOT post to public sites or forums 
********************************************************************************
VERSION:	1.5.7.1
WORDPRESS:	6.4.2
PHP INFO:	7.4.33 | SAPI: apache2handler
SERVER:		Apache/2.4.54 (Unix) OpenSSL/1.0.2u PHP/7.4.33 mod_wsgi/3.5 Python/2.7.18 mod_fastcgi/mod_fastcgi-SNAP-0910052141 mod_perl/2.0.11 Perl/v5.30.1 
PHP TIME LIMIT: (0) no time limit imposed 
PHP MAX MEMORY: 4294967296 (128M default) 
MEMORY STACK: 4MB

********************************************************************************
DATABASE:
********************************************************************************
BUILD MODE:   PHP(query limit - 100)
MYSQLTIMEOUT: 5000
MYSQLDUMP:    Not Supported
TABLES: total:27 | filtered:0 | create:27
FILTERED: []
SQL CREATED: 20240104_stranger_02c8fb4c8736d3eb2831_20240104195757_database.sql
SQL FILE SIZE: 5.98MB (6272242)
SQL FILE TIME: 2024-01-04 19:58:55
SQL RUNTIME: 0.18 sec.

********************************************************************************
ARCHIVE (ZIP):
********************************************************************************
ARCHIVE DIR:  /Applications/MAMP/htdocs/WordPress
ARCHIVE FILE: 20240104_stranger_02c8fb4c8736d3eb2831_20240104195757_archive.zip
FILTERS: *OFF*
DIRS:
	not set
FILES:
	not set
EXTS:  not set
----------------------------------------
COMPRESSING
SIZE:	625MB
STATS:	Dirs 1,374 | Files 8,400
SQL ADDED: 20240104_stranger_02c8fb4c8736d3eb2831_20240104195757_database.sql
ZipArchive Object
(
    [status] => 0
    [statusSys] => 0
    [numFiles] => 9774
    [filename] => /Applications/MAMP/htdocs/WordPress/wp-content/backups-dup-lite/tmp/20240104_stranger_02c8fb4c8736d3eb2831_20240104195757_archive.zip
    [comment] => 
)

FILE ADDED TO ZIP: 9773
COMPRESSION RESULT: '1'
COMPRESSED SIZE: 523.55MB
ARCHIVE RUNTIME: 31.51 sec.
MEMORY STACK: 8MB
building installer
ARCHIVE CONSISTENCY TEST: PASS

********************************************************************************
INTEGRITY CHECKS:
********************************************************************************
SQL FILE: 5.98MB
INSTALLER FILE: 73.47KB
ARCHIVE FILE: 525.48MB 
EXPECTED FILE/DIRECTORY COUNT: 9,774
ACTUAL FILE/DIRECTORY COUNT: 9,773
ARCHIVE CONSISTENCY TEST: Pass

********************************************************************************
RECORD ID:[1]
TOTAL PROCESS RUNTIME: 35.89 sec.
PEAK PHP MEMORY USED: 10MB
DONE PROCESSING => 20240104_stranger 04.01.2024 19:59

